This is pdfTeX, Version 3.141592653-2.6-1.40.29 (TeX Live 2026) (preloaded format=pdflatex 2026.6.20)  20 JUN 2026 16:21
entering extended mode
 restricted \write18 enabled.
 %&-line parsing enabled.
**paper.tex
(./paper.tex
LaTeX2e <2026-06-01>
L3 programming layer <2026-06-18>
(./aastex631.cls
Document Class: aastex631 2020/12/20 Version 6.3.1d/AAS markup document class
Class aastex Info: 
 
 Original \LaTeX2.09 style by Chris Biemesderfer (chris@seagoat.com). 
 Adapted to \LaTeXe by A. Ogawa (ogawa@teleport.com)
 emulateapj.cls included, Copyright 2000-2015 Alexey Vikhlinin 
 Rewrite and update of emulateapj.cls, revised and enhanced with table macros, 
gridlines, draft watermark,
 track changes, new `modern' style and much more, by Amy Hendrickson,
 (amyh@texnology.com, http://www.texnology.com) 
 
  on input line 106.
\bibbaselineskip=\skip49
(/home/ivan/texlive/2026/texmf-dist/tex/latex/revtex4-1/revtex4-1.cls
Document Class: revtex4-1 2020/09/30 4.1s (http://publish.aps.org/revtex4/ for 
documentation)
 Copyright (c) 2009 The American Physical Society.
 mailto:revtex@aps.org
 Licensed under the LPPL:
http://www.ctan.org/tex-archive/macros/latex/base/lppl.txt
 Arthur Ogawa <arthur_ogawa at sbcglobal dot net>
 Based on work by David Carlisle <david at dcarlisle.demon.co.uk>.
ltxutil[2020/09/30 4.1s utilities package (portions licensed from W. E. Baxter 
web at superscript.com)]
LaTeX Info: Redefining \@centercr on input line 346.
Class revtex4-1 Info: Repairing hyperref-unfriendly LaTeX definition of \mpfoot
note on input line 471.
Class revtex4-1 Info: Repairing broken LateX \@sect on input line 793.
\intertabularlinepenalty=\count276
\@tbpen=\count277
\@arstrutbox@hline=\box53
Class revtex4-1 Info: Repairing broken LaTeX \@xbitor on input line 1824.
Class revtex4-1 Info: Making \typeout \long on input line 2089.
ltxfront[2020/09/30 4.1s frontmatter package (AO,DPC)]
\c@affil=\count278
\c@collab=\count279
\absbox=\box54
ltxgrid[2020/09/30 4.1s page grid package (portions licensed from W. E. Baxter 
web at superscript.com)]
\c@linecount=\count280
\output@latex=\toks17
\box@size@1=\box55
\box@size@2=\box56
\@protection@box=\box57
\@topmark@saved=\toks18
\footins@saved=\box58
\footins@recovered=\box59
\column@recovered=\box60
\pagesofar=\box61
\footsofar=\box62
\pagegrid@col=\count281
Class revtex4-1 Info: Overriding \@vspace, \@vspacer, \@no@pgbk, \@newline, and
 \\  on input line 5655.
\c@part=\count282
\c@section=\count283
\c@subsection=\count284
\c@subsubsection=\count285
\c@paragraph=\count286
\c@subparagraph=\count287
\abovecaptionskip=\skip50
\belowcaptionskip=\skip51
\c@figure=\count288
\fbox@1=\box63
\c@table=\count289
\fbox@2=\box64
\c@video=\count290
\fbox@4=\box65
\@bibdataout=\write3
\widetext@top=\box66
\widetext@bot=\box67
Class revtex4-1 Info: Selecting society aps on input line 7616.
(/home/ivan/texlive/2026/texmf-dist/tex/latex/revtex4-1/aps4-1.rtx
File: aps4-1 2020/09/30 4.1s (http://publish.aps.org/revtex4/ for documentation
)
Class revtex4-1 Info: RevTeX society APS selected on input line 31.
)
Class revtex4-1 Info: Selecting journal pra on input line 7618.
Class revtex4-1 Info: APS journal PRA selected on input line 7619.

(/home/ivan/texlive/2026/texmf-dist/tex/latex/revtex4-1/aps10pt4-1.rtx
File: aps10pt4-1 2020/09/30 4.1s (http://publish.aps.org/revtex4/ for documenta
tion)
Class revtex4-1 Info: RevTeX pointsize 10pt selected on input line 30.
)
(/home/ivan/texlive/2026/texmf-dist/tex/latex/textcase/textcase.sty
Package: textcase 2025/02/16 v1.05 Text only upper/lower case changing (DPC)
Package textcase Info: Defining Legacy names on input line 20.
)
(/home/ivan/texlive/2026/texmf-dist/tex/latex/url/url.sty
\Urlmuskip=\muskip17
Package: url 2013/09/16  ver 3.4  Verb mode for urls, etc.
)
(/home/ivan/texlive/2026/texmf-dist/tex/latex/natbib/natbib.sty
Package: natbib 2010/09/13 8.31b (PWD, AO)
\bibhang=\skip52
\bibsep=\skip53
LaTeX Info: Redefining \cite on input line 694.
\c@NAT@ctr=\count291
)
Class revtex4-1 Info: Repairing natbib's \BibitemShut on input line 7623.

(/home/ivan/texlive/2026/texmf-dist/tex/latex/revtex4-1/revsymb4-1.sty
Package: revsymb4-1 2020/09/30 4.1s (http://publish.aps.org/revtex4/ for docume
ntation)
LaTeX Info: Redefining \REV@mathfrak on input line 119.
))
(/home/ivan/texlive/2026/texmf-dist/tex/latex/base/latexsym.sty
Package: latexsym 1998/08/17 v2.2e Standard LaTeX package (lasy symbols)
\symlasy=\mathgroup4
LaTeX Font Info:    Overwriting symbol font `lasy' in version `bold'
(Font)                  U/lasy/m/n --> U/lasy/b/n on input line 52.
)
(/home/ivan/texlive/2026/texmf-dist/tex/latex/graphics/graphicx.sty
Package: graphicx 2026-05-17 v1.2e Enhanced LaTeX Graphics (DPC,SPQR)

(/home/ivan/texlive/2026/texmf-dist/tex/latex/graphics/keyval.sty
Package: keyval 2026-05-17 v1.15 key=value parser (DPC)
\KV@toks@=\toks19
)
(/home/ivan/texlive/2026/texmf-dist/tex/latex/graphics/graphics.sty
Package: graphics 2026-05-17 v1.4h Standard LaTeX Graphics (DPC,SPQR)

(/home/ivan/texlive/2026/texmf-dist/tex/latex/graphics/trig.sty
Package: trig 2023/12/02 v1.11 sin cos tan (DPC)
)
(/home/ivan/texlive/2026/texmf-dist/tex/latex/graphics-cfg/graphics.cfg
File: graphics.cfg 2016/06/04 v1.11 sample graphics configuration
)
Package graphics Info: Driver file: pdftex.def on input line 106.

(/home/ivan/texlive/2026/texmf-dist/tex/latex/graphics-def/pdftex.def
File: pdftex.def 2025/09/29 v1.2d Graphics/color driver for pdftex
))
\Gin@req@height=\dimen150
\Gin@req@width=\dimen151
)
(/home/ivan/texlive/2026/texmf-dist/tex/latex/amsfonts/amssymb.sty
Package: amssymb 2013/01/14 v3.01 AMS font symbols

(/home/ivan/texlive/2026/texmf-dist/tex/latex/amsfonts/amsfonts.sty
Package: amsfonts 2013/01/14 v3.01 Basic AMSFonts support
\@emptytoks=\toks20
\symAMSa=\mathgroup5
\symAMSb=\mathgroup6
LaTeX Font Info:    Redeclaring math symbol \hbar on input line 98.
LaTeX Font Info:    Overwriting math alphabet `\mathfrak' in version `bold'
(Font)                  U/euf/m/n --> U/euf/b/n on input line 106.
LaTeX Info: Redefining \frak on input line 111.
LaTeX Info: Redefining \Bbb on input line 113.
))
(/home/ivan/texlive/2026/texmf-dist/tex/generic/epsf/epsf.sty
This is `epsf.tex' v2.7.4 <14 February 2011>
\epsffilein=\read2
\epsfframemargin=\dimen152
\epsfframethickness=\dimen153
\epsfrsize=\dimen154
\epsftmp=\dimen155
\epsftsize=\dimen156
\epsfxsize=\dimen157
\epsfysize=\dimen158
\pspoints=\dimen159
)
\rptnum=\count292
\rptloopnum=\count293
\fncount=\count294
\endfncount=\count295
\c@front@matter@foot@note=\count296
\keys@width=\skip54
\c@lastfootnote=\count297
\tempsectnum=\count298
\ackbox=\box68
\c@remember@figure@num=\count299
\c@remember@table@num=\count300
\bibskip=\skip55
\bibindent=\dimen160
\plot@width=\skip56
\c@table@save=\count301
\@abovenoteskip=\dimen161
\table@note@skip=\skip57
\deluxe@table@width=\skip58
\@d@t@a=\skip59
\c@deluxe@table@num=\count302
\LTcapwidth=\dimen162
\abovedeluxetableskip=\skip60
\belowdeluxetableskip=\skip61
\lastrowheight=\dimen163
\DT@p@ftn=\toks21
\pt@column=\count303
\pt@ncol=\count304
 (/home/ivan/texlive/2026/texmf-dist/tex/latex/tools/longtable.sty
Package: longtable 2026-01-28 v4.27 Multi-page Table package (DPC)
\LTleft=\skip62
\LTright=\skip63
\LTpre=\skip64
\LTpost=\skip65
\LTchunksize=\count305
\LTcapwidth=\dimen164
\LT@head=\box69
\LT@firsthead=\box70
\LT@foot=\box71
\LT@lastfoot=\box72
\LT@gbox=\box73
\LT@cols=\count306
\LT@rows=\count307
\c@LT@tables=\count308
\c@LT@chunks=\count309
\LT@p@ftn=\toks22
)
(/home/ivan/texlive/2026/texmf-dist/tex/latex/xcolor/xcolor.sty
Package: xcolor 2024/09/29 v3.02 LaTeX color extensions (UK)

(/home/ivan/texlive/2026/texmf-dist/tex/latex/graphics-cfg/color.cfg
File: color.cfg 2016/01/02 v1.6 sample color configuration
)
Package xcolor Info: Driver file: pdftex.def on input line 274.

(/home/ivan/texlive/2026/texmf-dist/tex/latex/graphics/mathcolor.ltx)
Package xcolor Info: Model `cmy' substituted by `cmy0' on input line 1349.
Package xcolor Info: Model `hsb' substituted by `rgb' on input line 1353.
Package xcolor Info: Model `RGB' extended on input line 1365.
Package xcolor Info: Model `HTML' substituted by `rgb' on input line 1367.
Package xcolor Info: Model `Hsb' substituted by `hsb' on input line 1368.
Package xcolor Info: Model `tHsb' substituted by `hsb' on input line 1369.
Package xcolor Info: Model `HSB' substituted by `hsb' on input line 1370.
Package xcolor Info: Model `Gray' substituted by `gray' on input line 1371.
Package xcolor Info: Model `wave' substituted by `hsb' on input line 1372.
)
(/home/ivan/texlive/2026/texmf-dist/tex/latex/hyperref/hyperref.sty
Package: hyperref 2026-06-17 v7.01r Hypertext links for LaTeX

(/home/ivan/texlive/2026/texmf-dist/tex/generic/iftex/iftex.sty
Package: iftex 2024/12/12 v1.0g TeX engine tests
)
(/home/ivan/texlive/2026/texmf-dist/tex/latex/kvsetkeys/kvsetkeys.sty
Package: kvsetkeys 2022-10-05 v1.19 Key value parser (HO)
)
(/home/ivan/texlive/2026/texmf-dist/tex/generic/kvdefinekeys/kvdefinekeys.sty
Package: kvdefinekeys 2019-12-19 v1.6 Define keys (HO)
)
(/home/ivan/texlive/2026/texmf-dist/tex/generic/pdfescape/pdfescape.sty
Package: pdfescape 2019/12/09 v1.15 Implements pdfTeX's escape features (HO)

(/home/ivan/texlive/2026/texmf-dist/tex/generic/ltxcmds/ltxcmds.sty
Package: ltxcmds 2023-12-04 v1.26 LaTeX kernel commands for general use (HO)
)
(/home/ivan/texlive/2026/texmf-dist/tex/generic/pdftexcmds/pdftexcmds.sty
Package: pdftexcmds 2020-06-27 v0.33 Utility functions of pdfTeX for LuaTeX (HO
)

(/home/ivan/texlive/2026/texmf-dist/tex/generic/infwarerr/infwarerr.sty
Package: infwarerr 2019/12/03 v1.5 Providing info/warning/error messages (HO)
)
Package pdftexcmds Info: \pdf@primitive is available.
Package pdftexcmds Info: \pdf@ifprimitive is available.
Package pdftexcmds Info: \pdfdraftmode found.
))
(/home/ivan/texlive/2026/texmf-dist/tex/latex/hycolor/hycolor.sty
Package: hycolor 2020-01-27 v1.10 Color options for hyperref/bookmark (HO)
)
(/home/ivan/texlive/2026/texmf-dist/tex/latex/hyperref/nameref.sty
Package: nameref 2026-01-29 v2.58 Cross-referencing by name of section

(/home/ivan/texlive/2026/texmf-dist/tex/latex/refcount/refcount.sty
Package: refcount 2019/12/15 v3.6 Data extraction from label references (HO)
)
(/home/ivan/texlive/2026/texmf-dist/tex/generic/gettitlestring/gettitlestring.s
ty
Package: gettitlestring 2019/12/15 v1.6 Cleanup title references (HO)
 (/home/ivan/texlive/2026/texmf-dist/tex/latex/kvoptions/kvoptions.sty
Package: kvoptions 2022-06-15 v3.15 Key value format for package options (HO)
))

Package nameref Warning: The definition of \label has changed! 
(nameref)                Check your packages! 
(nameref)                Replacing it with the kernel definition on input line 
161.

\c@section@level=\count310
) (/home/ivan/texlive/2026/texmf-dist/tex/latex/etoolbox/etoolbox.sty
Package: etoolbox 2025/10/02 v2.5m e-TeX tools for LaTeX (JAW)
\etb@tempcnta=\count311
)
(/home/ivan/texlive/2026/texmf-dist/tex/generic/stringenc/stringenc.sty
Package: stringenc 2019/11/29 v1.12 Convert strings between diff. encodings (HO
)
)
\@linkdim=\dimen165
\Hy@linkcounter=\count312
\Hy@pagecounter=\count313

(/home/ivan/texlive/2026/texmf-dist/tex/latex/hyperref/pd1enc.def
File: pd1enc.def 2026-06-17 v7.01r Hyperref: PDFDocEncoding definition (HO)
Now handling font encoding PD1 ...
... no UTF-8 mapping file for font encoding PD1
)
(/home/ivan/texlive/2026/texmf-dist/tex/generic/intcalc/intcalc.sty
Package: intcalc 2019/12/15 v1.3 Expandable calculations with integers (HO)
)
\Hy@SavedSpaceFactor=\count314

(/home/ivan/texlive/2026/texmf-dist/tex/latex/hyperref/puenc.def
File: puenc.def 2026-06-17 v7.01r Hyperref: PDF Unicode definition (HO)
Now handling font encoding PU ...
... no UTF-8 mapping file for font encoding PU
)
Package hyperref Info: Option `bookmarks' set `true' on input line 4070.
Package hyperref Info: Option `pdfnewwindow' set `true' on input line 4070.
Package hyperref Info: Option `colorlinks' set `true' on input line 4070.
Package hyperref Info: Option `final' set `true' on input line 4070.
Package hyperref Info: Hyper figures OFF on input line 4199.
Package hyperref Info: Link nesting OFF on input line 4204.
Package hyperref Info: Hyper index ON on input line 4207.
Package hyperref Info: Plain pages OFF on input line 4214.
Package hyperref Info: Backreferencing OFF on input line 4219.
Package hyperref Info: Implicit mode ON; LaTeX internals redefined.
Package hyperref Info: Bookmarks ON on input line 4466.
LaTeX Info: Redefining \href on input line 4716.
\c@Hy@tempcnt=\count315
LaTeX Info: Redefining \url on input line 4805.
\XeTeXLinkMargin=\dimen166

(/home/ivan/texlive/2026/texmf-dist/tex/generic/bitset/bitset.sty
Package: bitset 2019/12/09 v1.3 Handle bit-vector datatype (HO)

(/home/ivan/texlive/2026/texmf-dist/tex/generic/bigintcalc/bigintcalc.sty
Package: bigintcalc 2019/12/15 v1.5 Expandable calculations on big integers (HO
)
))
\Fld@menulength=\count316
\Field@Width=\dimen167
\Fld@charsize=\dimen168
Package hyperref Info: Hyper figures OFF on input line 6091.
Package hyperref Info: Link nesting OFF on input line 6096.
Package hyperref Info: Hyper index ON on input line 6099.
Package hyperref Info: backreferencing OFF on input line 6106.
Package hyperref Info: Link coloring ON on input line 6109.
Package hyperref Info: Link coloring with OCG OFF on input line 6116.
Package hyperref Info: PDF/A mode OFF on input line 6121.
\Hy@abspage=\count317
\c@Item=\count318
\c@Hfootnote=\count319
)
Package hyperref Info: Driver (autodetected): hpdftex.

(/home/ivan/texlive/2026/texmf-dist/tex/latex/hyperref/hpdftex.def
File: hpdftex.def 2026-06-17 v7.01r Hyperref driver for pdfTeX
\Fld@listcount=\count320
\c@bookmark@seq@number=\count321

(/home/ivan/texlive/2026/texmf-dist/tex/latex/rerunfilecheck/rerunfilecheck.sty
Package: rerunfilecheck 2025-06-21 v1.11 Rerun checks for auxiliary files (HO)

(/home/ivan/texlive/2026/texmf-dist/tex/generic/uniquecounter/uniquecounter.sty
Package: uniquecounter 2019/12/15 v1.4 Provide unlimited unique counter (HO)
)
Package uniquecounter Info: New unique counter `rerunfilecheck' on input line 2
84.
)
\Hy@SectionHShift=\skip66
) (/home/ivan/texlive/2026/texmf-dist/tex/latex/tools/array.sty
Package: array 2026/02/24 v2.7b Tabular extension package (FMi)
\col@sep=\dimen169
\ar@mcellbox=\box74
\extrarowheight=\dimen170
\NC@list=\toks23
\extratabsurround=\skip67
\backup@length=\skip68
\ar@cellbox=\box75
)
\colcount=\count322
\firstcolcount=\count323
\secondcolcount=\count324
\thirdcolcount=\count325
\columncount=\count326
\howmanyDs=\count327
\firsthowmanyDs=\count328
\secondhowmanyDs=\count329
\PartsOfTable=\count330
\columnoneandtwo=\count331
\colnumsused=\count332
\loopnum=\count333
\totalcolumncount=\count334
\totalcolumns=\count335
\firsttablebox=\box76
\secondtablebox=\box77
\thirdtablebox=\box78
\longtablebox=\box79
\splitbox=\box80
\movetabledown=\dimen171
\maxtablewidth=\dimen172
\savetabskip=\dimen173
\tempcounter=\count336
\colheadcount=\count337
\rotatetablebox=\box81
\colorcount=\count338
\editnum=\count339

! Font \bighelv=phvr at 144.54pt not loadable: Metric (TFM) file not found.
l.5855 \font\bighelv=phvr at 2in 
                                 %
I wasn't able to read the size data for this font,
so I will ignore the font specification.
[Wizards can fix TFM files using TFtoPL/PLtoTF.]
You might try inserting a different font spec;
e.g., type `I\font<same font id>=<substitute font name>'.

\refchangenumber=\count340
\listchangenum=\count341
(/home/ivan/texlive/2026/texmf-dist/tex/generic/ulem/ulem.sty
\UL@box=\box82
\UL@hyphenbox=\box83
\UL@skip=\skip69
\UL@hook=\toks24
\UL@height=\dimen174
\UL@pe=\count342
\UL@pixel=\dimen175
\ULC@box=\box84
Package: ulem 2019/11/18
\ULdepth=\dimen176
)
\entriesinthiscollab=\count343
\allentries=\count344
\AuthorCollaborationLimit=\count345
\largestAffilNum=\count346
\totalentries=\count347
\docollabnum=\count348
\tempauthornumber=\count349
\countauthors=\count350
\testnum=\count351
\tempauthorminusone=\count352
\affilnum=\count353
\c@affilcount=\count354
\numauthors=\count355
\collabnum=\count356
\collabnamebox=\box85
\widetext@top=\box86
\widetext@bot=\box87
\currwidth=\dimen177
\interactbox=\box88
\movetableright=\dimen178
)
(/home/ivan/texlive/2026/texmf-dist/tex/latex/amsmath/amsmath.sty
Package: amsmath 2026/05/19 v2.18d AMS math features
\@mathmargin=\skip70

For additional information on amsmath, use the `?' option.
(/home/ivan/texlive/2026/texmf-dist/tex/latex/amsmath/amstext.sty
Package: amstext 2024/11/17 v2.01 AMS text

(/home/ivan/texlive/2026/texmf-dist/tex/latex/amsmath/amsgen.sty
File: amsgen.sty 1999/11/30 v2.0 generic functions
\@emptytoks=\toks25
\ex@=\dimen179
)
LaTeX Info: Redefining \text on input line 28.
)
(/home/ivan/texlive/2026/texmf-dist/tex/latex/amsmath/amsbsy.sty
Package: amsbsy 1999/11/29 v1.2d Bold Symbols
\pmbraise@=\dimen180
)
(/home/ivan/texlive/2026/texmf-dist/tex/latex/amsmath/amsopn.sty
Package: amsopn 2022/04/08 v2.04 operator names
)
\inf@bad=\count357
LaTeX Info: Redefining \frac on input line 233.
\uproot@=\count358
\leftroot@=\count359
LaTeX Info: Redefining \overline on input line 398.
LaTeX Info: Redefining \colon on input line 409.
\classnum@=\count360
\DOTSCASE@=\count361
LaTeX Info: Redefining \ldots on input line 495.
LaTeX Info: Redefining \dots on input line 498.
LaTeX Info: Redefining \cdots on input line 619.
\Mathstrutbox@=\box89
\strutbox@=\box90
LaTeX Info: Redefining \big on input line 721.
LaTeX Info: Redefining \Big on input line 722.
LaTeX Info: Redefining \bigg on input line 723.
LaTeX Info: Redefining \Bigg on input line 724.
\big@size=\dimen181
LaTeX Font Info:    Redeclaring font encoding OML on input line 742.
LaTeX Font Info:    Redeclaring font encoding OMS on input line 743.
\macc@depth=\count362
LaTeX Info: Redefining \bmod on input line 904.
LaTeX Info: Redefining \pmod on input line 909.
LaTeX Info: Redefining \smash on input line 939.
LaTeX Info: Redefining \relbar on input line 969.
LaTeX Info: Redefining \Relbar on input line 970.
\c@MaxMatrixCols=\count363
\dotsspace@=\muskip18
\c@parentequation=\count364
\dspbrk@lvl=\count365
\tag@help=\toks26
\row@=\count366
\column@=\count367
\maxfields@=\count368
\andhelp@=\toks27
\eqnshift@=\dimen182
\alignsep@=\dimen183
\tagshift@=\dimen184
\tagwidth@=\dimen185
\totwidth@=\dimen186
\lineht@=\dimen187
\@envbody=\toks28
\multlinegap=\skip71
\multlinetaggap=\skip72
\mathdisplay@stack=\toks29
LaTeX Info: Redefining \[ on input line 2965.
LaTeX Info: Redefining \] on input line 2966.
)
Class revtex4-1 Info: Unrecognized array package. Please update this document c
lass! (Proceeding with fingers crossed.) on input line 8.
Class revtex4-1 Info: Patching unrecognized longtable package. (Proceeding with
 fingers crossed) on input line 8.
Class revtex4-1 Info: cite was not loaded (OK!) on input line 8.
Class revtex4-1 Info: mcite was not loaded (OK!) on input line 8.
Class revtex4-1 Info: multicol was not loaded (OK!) on input line 8.

(/home/ivan/texlive/2026/texmf-dist/tex/latex/l3backend/l3backend-pdftex.def
File: l3backend-pdftex.def 2026-02-18 L3 backend support: PDF output (pdfTeX)
\l__color_backend_stack_int=\count369
)
(./paper.aux)
\openout1 = `paper.aux'.

LaTeX Font Info:    Checking defaults for OML/cmm/m/it on input line 8.
LaTeX Font Info:    ... okay on input line 8.
LaTeX Font Info:    Checking defaults for OMS/cmsy/m/n on input line 8.
LaTeX Font Info:    ... okay on input line 8.
LaTeX Font Info:    Checking defaults for OT1/cmr/m/n on input line 8.
LaTeX Font Info:    ... okay on input line 8.
LaTeX Font Info:    Checking defaults for T1/cmr/m/n on input line 8.
LaTeX Font Info:    ... okay on input line 8.
LaTeX Font Info:    Checking defaults for TS1/cmr/m/n on input line 8.
LaTeX Font Info:    ... okay on input line 8.
LaTeX Font Info:    Checking defaults for OMX/cmex/m/n on input line 8.
LaTeX Font Info:    ... okay on input line 8.
LaTeX Font Info:    Checking defaults for U/cmr/m/n on input line 8.
LaTeX Font Info:    ... okay on input line 8.
LaTeX Font Info:    Checking defaults for PD1/pdf/m/n on input line 8.
LaTeX Font Info:    ... okay on input line 8.
LaTeX Font Info:    Checking defaults for PU/pdf/m/n on input line 8.
LaTeX Font Info:    ... okay on input line 8.

(/home/ivan/texlive/2026/texmf-dist/tex/context/base/mkii/supp-pdf.mkii
[Loading MPS to PDF converter (version 2006.09.02).]
\scratchcounter=\count370
\scratchdimen=\dimen188
\scratchbox=\box91
\nofMPsegments=\count371
\nofMParguments=\count372
\everyMPshowfont=\toks30
\MPscratchCnt=\count373
\MPscratchDim=\dimen189
\MPnumerator=\count374
\makeMPintoPDFobject=\count375
\everyMPtoPDFconversion=\toks31
) (/home/ivan/texlive/2026/texmf-dist/tex/latex/epstopdf-pkg/epstopdf-base.sty
Package: epstopdf-base 2020-01-24 v2.11 Base part for package epstopdf

(/home/ivan/texlive/2026/texmf-dist/tex/latex/grfext/grfext.sty
Package: grfext 2019/12/03 v1.3 Manage graphics extensions (HO)
)
Package epstopdf-base Info: Redefining graphics rule for `.eps' on input line 4
85.
Package grfext Info: Graphics extension search list:
(grfext)             [.pdf,.png,.jpg,.mps,.jpeg,.jbig2,.jb2,.PDF,.PNG,.JPG,.JPE
G,.JBIG2,.JB2,.eps]
(grfext)             \AppendGraphicsExtensions on input line 504.

(/home/ivan/texlive/2026/texmf-dist/tex/latex/latexconfig/epstopdf-sys.cfg
File: epstopdf-sys.cfg 2010/07/13 v1.3 Configuration of (r)epstopdf for TeX Liv
e
))
(/home/ivan/texlive/2026/texmf-dist/tex/latex/lineno/lineno.sty
Package: lineno 2026/03/08 line numbers on paragraphs v5.9
\linenopenalty=\count376
\output=\toks32
\linenoprevgraf=\count377
\linenumbersep=\dimen190
\linenumberwidth=\dimen191
\c@linenumber=\count378
\c@pagewiselinenumber=\count379
\c@LN@truepage=\count380
\c@internallinenumber=\count381
\c@internallinenumbers=\count382
\quotelinenumbersep=\dimen192
\bframerule=\dimen193
\bframesep=\dimen194
\bframebox=\box92
\@LN@amsmath@ams@eqpen=\count383
)
Package hyperref Info: Link coloring ON on input line 8.
 (./paper.out)
(./paper.out)
\@outlinefile=\write4
\openout4 = `paper.out'.

Class revtex4-1 Info: Overriding lineo.sty, restoring output routine, on input 
line 8.
Class revtex4-1 Info: Line numbering not turned on yet on input line 8.
Class revtex4-1 Info: Overriding \@LN@LLerror on input line 8.
LaTeX Font Info:    Trying to load font information for U+lasy on input line 18
.
 (/home/ivan/texlive/2026/texmf-dist/tex/latex/base/ulasy.fd
File: ulasy.fd 1998/08/17 v2.2e LaTeX symbol font definitions
)
LaTeX Font Info:    Trying to load font information for U+msa on input line 18.


(/home/ivan/texlive/2026/texmf-dist/tex/latex/amsfonts/umsa.fd
File: umsa.fd 2013/01/14 v3.01 AMS symbols A
)
LaTeX Font Info:    Trying to load font information for U+msb on input line 18.


(/home/ivan/texlive/2026/texmf-dist/tex/latex/amsfonts/umsb.fd
File: umsb.fd 2013/01/14 v3.01 AMS symbols B
)

Class revtex4-1 Warning: Assuming \noaffiliation for authors.

[1{/home/ivan/.texlive2026/texmf-var/fonts/map/pdftex/updmap/pdftex.map}]
LaTeX Font Info:    Font shape `U/lasy/b/n' in size <7> not available
(Font)              Font shape `U/lasy/m/n' tried instead on input line 110.
LaTeX Font Info:    Font shape `U/lasy/b/n' in size <5> not available
(Font)              Font shape `U/lasy/m/n' tried instead on input line 110.

Overfull \hbox (155.37749pt too wide) detected at line 115
[] \OT1/cmr/m/n/10 = []\OML/cmm/m/it/10 ;  ^^_[] \OT1/cmr/m/n/10 = ([][] \OMS/c
msy/m/n/10 ^^@ [][]\OT1/cmr/m/n/10 )[]\OT1/cmr/bx/n/10 C[]\OT1/cmr/m/n/10 ([][]
 \OMS/cmsy/m/n/10 ^^@ [][]\OT1/cmr/m/n/10 ) \OMS/cmsy/m/n/10 ^^@ []\OT1/cmr/m/n
/10 (\OT1/cmr/bx/n/10 1[]C[]1\OT1/cmr/m/n/10 )
 []


Package hyperref Warning: Token not allowed in a PDF string (Unicode):
(hyperref)                removing `math shift' on input line 119.


Package hyperref Warning: Token not allowed in a PDF string (Unicode):
(hyperref)                removing `subscript' on input line 119.


Package hyperref Warning: Token not allowed in a PDF string (Unicode):
(hyperref)                removing `math shift' on input line 119.

<h0_summary.png, id=123, 729.927pt x 4954.1085pt>
File: h0_summary.png Graphic file (type png)
<use h0_summary.png>
Package pdftex.def Info: h0_summary.png  used on input line 151.
(pdftex.def)             Requested size: 242.26653pt x 1644.2345pt.

LaTeX Warning: Float too large for page by 1061.9156pt on input line 158.


Package hyperref Warning: Token not allowed in a PDF string (Unicode):
(hyperref)                removing `math shift' on input line 186.


Package hyperref Warning: Token not allowed in a PDF string (Unicode):
(hyperref)                removing `\Lambda' on input line 186.


Package hyperref Warning: Token not allowed in a PDF string (Unicode):
(hyperref)                removing `math shift' on input line 186.


Overfull \hbox (83.4907pt too wide) detected at line 191
\OML/cmm/m/it/10 H[] \OT1/cmr/m/n/10 = 67\OML/cmm/m/it/10 :\OT1/cmr/m/n/10 9\OM
L/cmm/m/it/10 ;  \OT1/cmr/m/n/10 
[] = 0\OML/cmm/m/it/10 :\OT1/cmr/m/n/10 321\OML/cmm/m/it/10 ;  ^^_[] \OT1/cmr/m
/n/10 = 25\OML/cmm/m/it/10 :\OT1/cmr/m/n/10 5 (39 [])\OML/cmm/m/it/10 ;  ^^_[] 
\OT1/cmr/m/n/10 = 1404\OML/cmm/m/it/10 :\OT1/cmr/m/n/10 0 (1589 [])\OML/cmm/m/i
t/10 ;
 []


Underfull \hbox (badness 2401) in paragraph at lines 217--219
\OT1/cmr/m/n/10 (CC+SDSS only) gives $\OML/cmm/m/it/10 H[] \OT1/cmr/m/n/10 = 67
\OML/cmm/m/it/10 :\OT1/cmr/m/n/10 0$ --- $\OML/cmm/m/it/10 r[]$\OT1/cmr/m/n/10 
-
 []

[2]
Underfull \hbox (badness 2762) in paragraph at lines 249--253
\OT1/cmr/m/n/10 and the Pan-theon+ [][]Scol-nic et al.[][] ([][]2022[][]), DES-

 []

[3] [4 <./h0_summary.png>] (./paper.aux)
 ***********
LaTeX2e <2026-06-01>
L3 programming layer <2026-06-18>
 ***********
Package rerunfilecheck Info: File `paper.out' has not changed.
(rerunfilecheck)             Checksum: 122DFD851E9DB8623484C267B6A69CCD;2426.
 ) 
Here is how much of TeX's memory you used:
 13722 strings out of 468649
 203390 string characters out of 5446349
 688252 words of memory out of 5000000
 42557 multiletter control sequences out of 15000+600000
 641588 words of font info for 95 fonts, out of 8000000 for 9000
 319 hyphenation exceptions out of 8191
 89i,7n,93p,272b,527s stack positions out of 10000i,1000n,20000p,200000b,200000s
 </home/ivan/.texlive2026/texmf-var/fonts/pk/ljfour/jknappen/ec/tcrm1000.600p
k></home/ivan/texlive/2026/texmf-dist/fonts/type1/public/amsfonts/cm/cmbx10.pfb
></home/ivan/texlive/2026/texmf-dist/fonts/type1/public/amsfonts/cm/cmbx8.pfb><
/home/ivan/texlive/2026/texmf-dist/fonts/type1/public/amsfonts/cm/cmbx9.pfb></h
ome/ivan/texlive/2026/texmf-dist/fonts/type1/public/amsfonts/cm/cmcsc10.pfb></h
ome/ivan/texlive/2026/texmf-dist/fonts/type1/public/amsfonts/cm/cmex10.pfb></ho
me/ivan/texlive/2026/texmf-dist/fonts/type1/public/amsfonts/cm/cmmi10.pfb></hom
e/ivan/texlive/2026/texmf-dist/fonts/type1/public/amsfonts/cm/cmmi7.pfb></home/
ivan/texlive/2026/texmf-dist/fonts/type1/public/amsfonts/cm/cmmi9.pfb></home/iv
an/texlive/2026/texmf-dist/fonts/type1/public/amsfonts/cm/cmmib10.pfb></home/iv
an/texlive/2026/texmf-dist/fonts/type1/public/amsfonts/cm/cmr10.pfb></home/ivan
/texlive/2026/texmf-dist/fonts/type1/public/amsfonts/cm/cmr6.pfb></home/ivan/te
xlive/2026/texmf-dist/fonts/type1/public/amsfonts/cm/cmr7.pfb></home/ivan/texli
ve/2026/texmf-dist/fonts/type1/public/amsfonts/cm/cmr8.pfb></home/ivan/texlive/
2026/texmf-dist/fonts/type1/public/amsfonts/cm/cmr9.pfb></home/ivan/texlive/202
6/texmf-dist/fonts/type1/public/amsfonts/cm/cmss8.pfb></home/ivan/texlive/2026/
texmf-dist/fonts/type1/public/amsfonts/cm/cmsy10.pfb></home/ivan/texlive/2026/t
exmf-dist/fonts/type1/public/amsfonts/cm/cmsy7.pfb></home/ivan/texlive/2026/tex
mf-dist/fonts/type1/public/amsfonts/cm/cmti10.pfb>
Output written on paper.pdf (4 pages, 491675 bytes).
PDF statistics:
 262 PDF objects out of 1000 (max. 8388607)
 214 compressed objects within 3 object streams
 38 named destinations out of 1000 (max. 500000)
 150 words of extra memory for PDF output out of 10000 (max. 10000000)

